This file contains any messages produced by compilers while
running configure, to aid debugging if configure makes a mistake.

It was created by snana configure 1.0, which was
generated by GNU Autoconf 2.69.  Invocation command line was

  $ ./configure 

## --------- ##
## Platform. ##
## --------- ##

hostname = login16
uname -m = x86_64
uname -r = 6.4.0-150600.23.92_15.0.23-cray_shasta_c
uname -s = Linux
uname -v = #1 SMP Tue Mar 31 02:37:31 UTC 2026 (2c3c97a)

/usr/bin/uname -p = x86_64
/bin/uname -X     = unknown

/bin/arch              = x86_64
/usr/bin/arch -k       = unknown
/usr/convex/getsysinfo = unknown
/usr/bin/hostinfo      = unknown
/bin/machine           = unknown
/usr/bin/oslevel       = unknown
/bin/universe          = unknown

PATH: /global/homes/a/ayanmitr/.local/bin
PATH: /global/homes/a/ayanmitr/.local/bin
PATH: /global/homes/a/ayanmitr/.local/bin
PATH: /global/homes/a/ayanmitr/.npm-global/bin
PATH: /global/homes/a/ayanmitr/.nvm/versions/node/v22.17.1/bin
PATH: /global/cfs/cdirs/lsst/groups/TD/SN/SNANA/SURVEYS/LSST/USERS/ayanmitr/PIPPIN_PHOTOZ_WFD+DDF
PATH: /global/homes/a/ayanmitr/bin
PATH: /global/common/software/nersc9/texlive/2024/bin/x86_64-linux
PATH: /global/common/software/lsst/install/td_env/prod/extra/bin
PATH: /global/common/software/lsst/install/td_env/2026-05-28-05-05/py/envs/td_env/bin
PATH: /global/common/software/lsst/install/td_env/2026-05-28-05-05/py/condabin
PATH: /opt/cray/pe/craype/2.7.35/bin
PATH: /opt/nersc/pe/bin
PATH: /global/common/software/nersc/bin
PATH: /global/common/software/nersc9/darshan/default/bin
PATH: /global/common/software/nersc9/sqs/2.0/bin
PATH: /opt/cray/pe/perftools/25.09.0/bin
PATH: /opt/cray/pe/papi/7.2.0.2/bin
PATH: /opt/cray/pe/gcc-native/14/bin
PATH: /opt/cray/libfabric/1.22.0/bin
PATH: /global/homes/a/ayanmitr/.local/bin
PATH: /global/homes/a/ayanmitr/bin
PATH: /usr/local/bin
PATH: /usr/bin
PATH: /bin
PATH: /usr/lib/mit/bin
PATH: /usr/lib/mit/sbin
PATH: /opt/cray/pe/bin
PATH: /global/cfs/cdirs/lsst/groups/TD/SOFTWARE/SNANA/bin
PATH: /global/cfs/cdirs/lsst/groups/TD/SOFTWARE/SNANA/util
PATH: /global/cfs/cdirs/lsst/groups/TD/SOFTWARE/Pippin
PATH: /global/cfs/cdirs/lsst/groups/TD/SOFTWARE/classifiers/scone


## ----------- ##
## Core tests. ##
## ----------- ##

configure:2028: checking for a BSD-compatible install
configure:2096: result: /usr/bin/install -c
configure:2107: checking whether build environment is sane
configure:2162: result: yes
configure:2313: checking for a thread-safe mkdir -p
configure:2352: result: /usr/bin/mkdir -p
configure:2359: checking for gawk
configure:2375: found /usr/bin/gawk
configure:2386: result: gawk
configure:2397: checking whether make sets $(MAKE)
configure:2419: result: yes
configure:2448: checking whether make supports nested variables
configure:2465: result: yes
configure:2611: checking for x86_64-conda-linux-gnu-gcc
configure:2638: result: /global/common/software/lsst/install/td_env/2026-05-28-05-05/py/envs/td_env/bin/x86_64-conda-linux-gnu-cc
configure:2713: checking for C compiler version
configure:2722: /global/common/software/lsst/install/td_env/2026-05-28-05-05/py/envs/td_env/bin/x86_64-conda-linux-gnu-cc --version >&5
x86_64-conda-linux-gnu-cc (conda-forge gcc 14.3.0-19) 14.3.0
Copyright (C) 2024 Free Software Foundation, Inc.
This is free software; see the source for copying conditions.  There is NO
warranty; not even for MERCHANTABILITY or FITNESS FOR A PARTICULAR PURPOSE.

configure:2733: $? = 0
configure:2722: /global/common/software/lsst/install/td_env/2026-05-28-05-05/py/envs/td_env/bin/x86_64-conda-linux-gnu-cc -v >&5
Reading specs from /global/common/software/lsst/install/td_env/2026-05-28-05-05/py/envs/td_env/bin/../lib/gcc/x86_64-conda-linux-gnu/14.3.0/specs
could not find specs file conda.specs
COLLECT_GCC=/global/common/software/lsst/install/td_env/2026-05-28-05-05/py/envs/td_env/bin/x86_64-conda-linux-gnu-cc
COLLECT_LTO_WRAPPER=/global/common/software/lsst/install/td_env/2026-05-28-05-05/py/envs/td_env/bin/../libexec/gcc/x86_64-conda-linux-gnu/14.3.0/lto-wrapper
Target: x86_64-conda-linux-gnu
Configured with: ../configure --prefix=/home/conda/feedstock_root/build_artifacts/gcc_compilers_1778265149273/_h_env_placehold_placehold_placehold_placehold_placehold_placehold_placehold_placehold_placehold_placehold_placehold_placehold_placehold_placehold_placehold_placehold_placehold_placeho --with-slibdir=/home/conda/feedstock_root/build_artifacts/gcc_compilers_1778265149273/_h_env_placehold_placehold_placehold_placehold_placehold_placehold_placehold_placehold_placehold_placehold_placehold_placehold_placehold_placehold_placehold_placehold_placehold_placeho/lib --libdir=/home/conda/feedstock_root/build_artifacts/gcc_compilers_1778265149273/_h_env_placehold_placehold_placehold_placehold_placehold_placehold_placehold_placehold_placehold_placehold_placehold_placehold_placehold_placehold_placehold_placehold_placehold_placeho/lib --mandir=/home/conda/feedstock_root/build_artifacts/gcc_compilers_1778265149273/_h_env_placehold_placehold_placehold_placehold_placehold_placehold_placehold_placehold_placehold_placehold_placehold_placehold_placehold_placehold_placehold_placehold_placehold_placeho/share/man --build=x86_64-conda-linux-gnu --host=x86_64-conda-linux-gnu --target=x86_64-conda-linux-gnu --enable-languages=c,c++,fortran,objc,obj-c++ --enable-libgomp --disable-libssp --enable-libquadmath --enable-libquadmath-support --disable-nls --disable-bootstrap --disable-multilib --enable-long-long --without-zstd --with-native-system-header-dir=/usr/include --with-gxx-include-dir=/home/conda/feedstock_root/build_artifacts/gcc_compilers_1778265149273/_h_env_placehold_placehold_placehold_placehold_placehold_placehold_placehold_placehold_placehold_placehold_placehold_placehold_placehold_placehold_placehold_placehold_placehold_placeho/lib/gcc/x86_64-conda-linux-gnu/14.3.0/include/c++ --with-gxx-libcxx-include-dir=/home/conda/feedstock_root/build_artifacts/gcc_compilers_1778265149273/_h_env_placehold_placehold_placehold_placehold_placehold_placehold_placehold_placehold_placehold_placehold_placehold_placehold_placehold_placehold_placehold_placehold_placehold_placeho/lib/gcc/x86_64-conda-linux-gnu/14.3.0/../../../../include/c++/v1 --with-pkgversion='conda-forge gcc 14.3.0-19' --with-bugurl=https://github.com/conda-forge/ctng-compilers-feedstock/issues/new/choose --enable-libsanitizer --enable-default-pie --enable-threads=posix --enable-__cxa_atexit --with-sysroot=/home/conda/feedstock_root/build_artifacts/gcc_compilers_1778265149273/_h_env_placehold_placehold_placehold_placehold_placehold_placehold_placehold_placehold_placehold_placehold_placehold_placehold_placehold_placehold_placehold_placehold_placehold_placeho/x86_64-conda-linux-gnu/sysroot --with-build-sysroot=/home/conda/feedstock_root/build_artifacts/gcc_compilers_1778265149273/_build_env/x86_64-conda-linux-gnu/sysroot --enable-plugin --enable-lto
Thread model: posix
Supported LTO compression algorithms: zlib
gcc version 14.3.0 (conda-forge gcc 14.3.0-19) 
configure:2733: $? = 0
configure:2722: /global/common/software/lsst/install/td_env/2026-05-28-05-05/py/envs/td_env/bin/x86_64-conda-linux-gnu-cc -V >&5
x86_64-conda-linux-gnu-cc: error: unrecognized command-line option '-V'
x86_64-conda-linux-gnu-cc: fatal error: no input files
compilation terminated.
configure:2733: $? = 1
configure:2722: /global/common/software/lsst/install/td_env/2026-05-28-05-05/py/envs/td_env/bin/x86_64-conda-linux-gnu-cc -qversion >&5
x86_64-conda-linux-gnu-cc: error: unrecognized command-line option '-qversion'; did you mean '--version'?
x86_64-conda-linux-gnu-cc: fatal error: no input files
compilation terminated.
configure:2733: $? = 1
configure:2753: checking whether the C compiler works
configure:2775: /global/common/software/lsst/install/td_env/2026-05-28-05-05/py/envs/td_env/bin/x86_64-conda-linux-gnu-cc -march=nocona -mtune=haswell -ftree-vectorize -fPIC -fstack-protector-strong -fno-plt -O2 -ffunction-sections -pipe -isystem /global/common/software/lsst/install/td_env/2026-05-28-05-05/py/envs/td_env/include -DNDEBUG -D_FORTIFY_SOURCE=2 -O2 -isystem /global/common/software/lsst/install/td_env/2026-05-28-05-05/py/envs/td_env/include -Wl,-O2 -Wl,--sort-common -Wl,--as-needed -Wl,-z,relro -Wl,-z,now -Wl,--disable-new-dtags -Wl,--gc-sections -Wl,--allow-shlib-undefined -Wl,-rpath,/global/common/software/lsst/install/td_env/2026-05-28-05-05/py/envs/td_env/lib -Wl,-rpath-link,/global/common/software/lsst/install/td_env/2026-05-28-05-05/py/envs/td_env/lib -L/global/common/software/lsst/install/td_env/2026-05-28-05-05/py/envs/td_env/lib conftest.c  >&5
configure:2779: $? = 0
configure:2827: result: yes
configure:2830: checking for C compiler default output file name
configure:2832: result: a.out
configure:2838: checking for suffix of executables
configure:2845: /global/common/software/lsst/install/td_env/2026-05-28-05-05/py/envs/td_env/bin/x86_64-conda-linux-gnu-cc -o conftest -march=nocona -mtune=haswell -ftree-vectorize -fPIC -fstack-protector-strong -fno-plt -O2 -ffunction-sections -pipe -isystem /global/common/software/lsst/install/td_env/2026-05-28-05-05/py/envs/td_env/include -DNDEBUG -D_FORTIFY_SOURCE=2 -O2 -isystem /global/common/software/lsst/install/td_env/2026-05-28-05-05/py/envs/td_env/include -Wl,-O2 -Wl,--sort-common -Wl,--as-needed -Wl,-z,relro -Wl,-z,now -Wl,--disable-new-dtags -Wl,--gc-sections -Wl,--allow-shlib-undefined -Wl,-rpath,/global/common/software/lsst/install/td_env/2026-05-28-05-05/py/envs/td_env/lib -Wl,-rpath-link,/global/common/software/lsst/install/td_env/2026-05-28-05-05/py/envs/td_env/lib -L/global/common/software/lsst/install/td_env/2026-05-28-05-05/py/envs/td_env/lib conftest.c  >&5
configure:2849: $? = 0
configure:2871: result: 
configure:2893: checking whether we are cross compiling
configure:2901: /global/common/software/lsst/install/td_env/2026-05-28-05-05/py/envs/td_env/bin/x86_64-conda-linux-gnu-cc -o conftest -march=nocona -mtune=haswell -ftree-vectorize -fPIC -fstack-protector-strong -fno-plt -O2 -ffunction-sections -pipe -isystem /global/common/software/lsst/install/td_env/2026-05-28-05-05/py/envs/td_env/include -DNDEBUG -D_FORTIFY_SOURCE=2 -O2 -isystem /global/common/software/lsst/install/td_env/2026-05-28-05-05/py/envs/td_env/include -Wl,-O2 -Wl,--sort-common -Wl,--as-needed -Wl,-z,relro -Wl,-z,now -Wl,--disable-new-dtags -Wl,--gc-sections -Wl,--allow-shlib-undefined -Wl,-rpath,/global/common/software/lsst/install/td_env/2026-05-28-05-05/py/envs/td_env/lib -Wl,-rpath-link,/global/common/software/lsst/install/td_env/2026-05-28-05-05/py/envs/td_env/lib -L/global/common/software/lsst/install/td_env/2026-05-28-05-05/py/envs/td_env/lib conftest.c  >&5
configure:2905: $? = 0
configure:2912: ./conftest
configure:2916: $? = 0
configure:2931: result: no
configure:2936: checking for suffix of object files
configure:2958: /global/common/software/lsst/install/td_env/2026-05-28-05-05/py/envs/td_env/bin/x86_64-conda-linux-gnu-cc -c -march=nocona -mtune=haswell -ftree-vectorize -fPIC -fstack-protector-strong -fno-plt -O2 -ffunction-sections -pipe -isystem /global/common/software/lsst/install/td_env/2026-05-28-05-05/py/envs/td_env/include -DNDEBUG -D_FORTIFY_SOURCE=2 -O2 -isystem /global/common/software/lsst/install/td_env/2026-05-28-05-05/py/envs/td_env/include conftest.c >&5
configure:2962: $? = 0
configure:2983: result: o
configure:2987: checking whether we are using the GNU C compiler
configure:3006: /global/common/software/lsst/install/td_env/2026-05-28-05-05/py/envs/td_env/bin/x86_64-conda-linux-gnu-cc -c -march=nocona -mtune=haswell -ftree-vectorize -fPIC -fstack-protector-strong -fno-plt -O2 -ffunction-sections -pipe -isystem /global/common/software/lsst/install/td_env/2026-05-28-05-05/py/envs/td_env/include -DNDEBUG -D_FORTIFY_SOURCE=2 -O2 -isystem /global/common/software/lsst/install/td_env/2026-05-28-05-05/py/envs/td_env/include conftest.c >&5
configure:3006: $? = 0
configure:3015: result: yes
configure:3024: checking whether /global/common/software/lsst/install/td_env/2026-05-28-05-05/py/envs/td_env/bin/x86_64-conda-linux-gnu-cc accepts -g
configure:3044: /global/common/software/lsst/install/td_env/2026-05-28-05-05/py/envs/td_env/bin/x86_64-conda-linux-gnu-cc -c -g -DNDEBUG -D_FORTIFY_SOURCE=2 -O2 -isystem /global/common/software/lsst/install/td_env/2026-05-28-05-05/py/envs/td_env/include conftest.c >&5
configure:3044: $? = 0
configure:3085: result: yes
configure:3102: checking for /global/common/software/lsst/install/td_env/2026-05-28-05-05/py/envs/td_env/bin/x86_64-conda-linux-gnu-cc option to accept ISO C89
configure:3165: /global/common/software/lsst/install/td_env/2026-05-28-05-05/py/envs/td_env/bin/x86_64-conda-linux-gnu-cc  -c -march=nocona -mtune=haswell -ftree-vectorize -fPIC -fstack-protector-strong -fno-plt -O2 -ffunction-sections -pipe -isystem /global/common/software/lsst/install/td_env/2026-05-28-05-05/py/envs/td_env/include -DNDEBUG -D_FORTIFY_SOURCE=2 -O2 -isystem /global/common/software/lsst/install/td_env/2026-05-28-05-05/py/envs/td_env/include conftest.c >&5
configure:3165: $? = 0
configure:3178: result: none needed
configure:3203: checking whether /global/common/software/lsst/install/td_env/2026-05-28-05-05/py/envs/td_env/bin/x86_64-conda-linux-gnu-cc understands -c and -o together
configure:3225: /global/common/software/lsst/install/td_env/2026-05-28-05-05/py/envs/td_env/bin/x86_64-conda-linux-gnu-cc -c conftest.c -o conftest2.o
configure:3228: $? = 0
configure:3225: /global/common/software/lsst/install/td_env/2026-05-28-05-05/py/envs/td_env/bin/x86_64-conda-linux-gnu-cc -c conftest.c -o conftest2.o
configure:3228: $? = 0
configure:3240: result: yes
configure:3268: checking for style of include used by make
configure:3296: result: GNU
configure:3322: checking dependency style of /global/common/software/lsst/install/td_env/2026-05-28-05-05/py/envs/td_env/bin/x86_64-conda-linux-gnu-cc
configure:3433: result: none
configure:3458: checking for x86_64-conda-linux-gnu-gfortran
configure:3485: result: /global/common/software/lsst/install/td_env/2026-05-28-05-05/py/envs/td_env/bin/x86_64-conda-linux-gnu-gfortran
configure:3555: checking for Fortran compiler version
configure:3564: /global/common/software/lsst/install/td_env/2026-05-28-05-05/py/envs/td_env/bin/x86_64-conda-linux-gnu-gfortran --version >&5
GNU Fortran (conda-forge gcc 14.3.0-19) 14.3.0
Copyright (C) 2024 Free Software Foundation, Inc.
This is free software; see the source for copying conditions.  There is NO
warranty; not even for MERCHANTABILITY or FITNESS FOR A PARTICULAR PURPOSE.

configure:3575: $? = 0
configure:3564: /global/common/software/lsst/install/td_env/2026-05-28-05-05/py/envs/td_env/bin/x86_64-conda-linux-gnu-gfortran -v >&5
Reading specs from /global/common/software/lsst/install/td_env/2026-05-28-05-05/py/envs/td_env/bin/../lib/gcc/x86_64-conda-linux-gnu/14.3.0/specs
could not find specs file conda.specs
COLLECT_GCC=/global/common/software/lsst/install/td_env/2026-05-28-05-05/py/envs/td_env/bin/x86_64-conda-linux-gnu-gfortran
COLLECT_LTO_WRAPPER=/global/common/software/lsst/install/td_env/2026-05-28-05-05/py/envs/td_env/bin/../libexec/gcc/x86_64-conda-linux-gnu/14.3.0/lto-wrapper
Target: x86_64-conda-linux-gnu
Configured with: ../configure --prefix=/home/conda/feedstock_root/build_artifacts/gcc_compilers_1778265149273/_h_env_placehold_placehold_placehold_placehold_placehold_placehold_placehold_placehold_placehold_placehold_placehold_placehold_placehold_placehold_placehold_placehold_placehold_placeho --with-slibdir=/home/conda/feedstock_root/build_artifacts/gcc_compilers_1778265149273/_h_env_placehold_placehold_placehold_placehold_placehold_placehold_placehold_placehold_placehold_placehold_placehold_placehold_placehold_placehold_placehold_placehold_placehold_placeho/lib --libdir=/home/conda/feedstock_root/build_artifacts/gcc_compilers_1778265149273/_h_env_placehold_placehold_placehold_placehold_placehold_placehold_placehold_placehold_placehold_placehold_placehold_placehold_placehold_placehold_placehold_placehold_placehold_placeho/lib --mandir=/home/conda/feedstock_root/build_artifacts/gcc_compilers_1778265149273/_h_env_placehold_placehold_placehold_placehold_placehold_placehold_placehold_placehold_placehold_placehold_placehold_placehold_placehold_placehold_placehold_placehold_placehold_placeho/share/man --build=x86_64-conda-linux-gnu --host=x86_64-conda-linux-gnu --target=x86_64-conda-linux-gnu --enable-languages=c,c++,fortran,objc,obj-c++ --enable-libgomp --disable-libssp --enable-libquadmath --enable-libquadmath-support --disable-nls --disable-bootstrap --disable-multilib --enable-long-long --without-zstd --with-native-system-header-dir=/usr/include --with-gxx-include-dir=/home/conda/feedstock_root/build_artifacts/gcc_compilers_1778265149273/_h_env_placehold_placehold_placehold_placehold_placehold_placehold_placehold_placehold_placehold_placehold_placehold_placehold_placehold_placehold_placehold_placehold_placehold_placeho/lib/gcc/x86_64-conda-linux-gnu/14.3.0/include/c++ --with-gxx-libcxx-include-dir=/home/conda/feedstock_root/build_artifacts/gcc_compilers_1778265149273/_h_env_placehold_placehold_placehold_placehold_placehold_placehold_placehold_placehold_placehold_placehold_placehold_placehold_placehold_placehold_placehold_placehold_placehold_placeho/lib/gcc/x86_64-conda-linux-gnu/14.3.0/../../../../include/c++/v1 --with-pkgversion='conda-forge gcc 14.3.0-19' --with-bugurl=https://github.com/conda-forge/ctng-compilers-feedstock/issues/new/choose --enable-libsanitizer --enable-default-pie --enable-threads=posix --enable-__cxa_atexit --with-sysroot=/home/conda/feedstock_root/build_artifacts/gcc_compilers_1778265149273/_h_env_placehold_placehold_placehold_placehold_placehold_placehold_placehold_placehold_placehold_placehold_placehold_placehold_placehold_placehold_placehold_placehold_placehold_placeho/x86_64-conda-linux-gnu/sysroot --with-build-sysroot=/home/conda/feedstock_root/build_artifacts/gcc_compilers_1778265149273/_build_env/x86_64-conda-linux-gnu/sysroot --enable-plugin --enable-lto
Thread model: posix
Supported LTO compression algorithms: zlib
gcc version 14.3.0 (conda-forge gcc 14.3.0-19) 
configure:3575: $? = 0
configure:3564: /global/common/software/lsst/install/td_env/2026-05-28-05-05/py/envs/td_env/bin/x86_64-conda-linux-gnu-gfortran -V >&5
x86_64-conda-linux-gnu-gfortran: error: unrecognized command-line option '-V'
x86_64-conda-linux-gnu-gfortran: fatal error: no input files
compilation terminated.
configure:3575: $? = 1
configure:3564: /global/common/software/lsst/install/td_env/2026-05-28-05-05/py/envs/td_env/bin/x86_64-conda-linux-gnu-gfortran -qversion >&5
x86_64-conda-linux-gnu-gfortran: error: unrecognized command-line option '-qversion'; did you mean '--version'?
x86_64-conda-linux-gnu-gfortran: fatal error: no input files
compilation terminated.
configure:3575: $? = 1
configure:3584: checking whether we are using the GNU Fortran compiler
configure:3597: /global/common/software/lsst/install/td_env/2026-05-28-05-05/py/envs/td_env/bin/x86_64-conda-linux-gnu-gfortran -c   conftest.F >&5
configure:3597: $? = 0
configure:3606: result: yes
configure:3612: checking whether /global/common/software/lsst/install/td_env/2026-05-28-05-05/py/envs/td_env/bin/x86_64-conda-linux-gnu-gfortran accepts -g
configure:3623: /global/common/software/lsst/install/td_env/2026-05-28-05-05/py/envs/td_env/bin/x86_64-conda-linux-gnu-gfortran -c -g  conftest.f >&5
configure:3623: $? = 0
configure:3631: result: yes
configure:3665: checking build system type
configure:3679: result: x86_64-conda-linux-gnu
configure:3699: checking host system type
configure:3712: result: x86_64-conda-linux-gnu
configure:3737: checking how to get verbose linking output from /global/common/software/lsst/install/td_env/2026-05-28-05-05/py/envs/td_env/bin/x86_64-conda-linux-gnu-gfortran
configure:3747: /global/common/software/lsst/install/td_env/2026-05-28-05-05/py/envs/td_env/bin/x86_64-conda-linux-gnu-gfortran -c   conftest.f >&5
configure:3747: $? = 0
configure:3765: /global/common/software/lsst/install/td_env/2026-05-28-05-05/py/envs/td_env/bin/x86_64-conda-linux-gnu-gfortran -o conftest -v -Wl,-O2 -Wl,--sort-common -Wl,--as-needed -Wl,-z,relro -Wl,-z,now -Wl,--disable-new-dtags -Wl,--gc-sections -Wl,--allow-shlib-undefined -Wl,-rpath,/global/common/software/lsst/install/td_env/2026-05-28-05-05/py/envs/td_env/lib -Wl,-rpath-link,/global/common/software/lsst/install/td_env/2026-05-28-05-05/py/envs/td_env/lib -L/global/common/software/lsst/install/td_env/2026-05-28-05-05/py/envs/td_env/lib conftest.f
Reading specs from /global/common/software/lsst/install/td_env/2026-05-28-05-05/py/envs/td_env/bin/../lib/gcc/x86_64-conda-linux-gnu/14.3.0/specs
could not find specs file conda.specs
Target: x86_64-conda-linux-gnu
Thread model: posix
Supported LTO compression algorithms: zlib
gcc version 14.3.0 (conda-forge gcc 14.3.0-19) 
 /global/common/software/lsst/install/td_env/2026-05-28-05-05/py/envs/td_env/bin/../libexec/gcc/x86_64-conda-linux-gnu/14.3.0/f951 conftest.f -ffixed-form -quiet -dumpbase conftest.f -dumpbase-ext .f -mtune=generic -march=x86-64 -version -fintrinsic-modules-path /global/common/software/lsst/install/td_env/2026-05-28-05-05/py/envs/td_env/bin/../lib/gcc/x86_64-conda-linux-gnu/14.3.0/finclude -o /tmp/ccLH8Tb1.s
GNU Fortran (conda-forge gcc 14.3.0-19) version 14.3.0 (x86_64-conda-linux-gnu)
	compiled by GNU C version 15.2.0, GMP version 6.2.1, MPFR version 4.1.0, MPC version 1.2.1, isl version isl-0.24-GMP

GGC heuristics: --param ggc-min-expand=100 --param ggc-min-heapsize=131072
 /global/common/software/lsst/install/td_env/2026-05-28-05-05/py/envs/td_env/bin/../lib/gcc/x86_64-conda-linux-gnu/14.3.0/../../../../x86_64-conda-linux-gnu/bin/as -v --64 -o /tmp/ccNthrTO.o /tmp/ccLH8Tb1.s
GNU assembler version 2.45.1 (x86_64-conda-linux-gnu) using BFD version (GNU Binutils) 2.45.1
Reading specs from /global/common/software/lsst/install/td_env/2026-05-28-05-05/py/envs/td_env/bin/../lib/gcc/x86_64-conda-linux-gnu/14.3.0/libgfortran.spec
rename spec lib to liborig
 /global/common/software/lsst/install/td_env/2026-05-28-05-05/py/envs/td_env/bin/../libexec/gcc/x86_64-conda-linux-gnu/14.3.0/collect2 -plugin /global/common/software/lsst/install/td_env/2026-05-28-05-05/py/envs/td_env/bin/../libexec/gcc/x86_64-conda-linux-gnu/14.3.0/liblto_plugin.so -plugin-opt=/global/common/software/lsst/install/td_env/2026-05-28-05-05/py/envs/td_env/bin/../libexec/gcc/x86_64-conda-linux-gnu/14.3.0/lto-wrapper -plugin-opt=-fresolution=/tmp/ccX0cjaU.res -plugin-opt=-pass-through=-lgcc_s -plugin-opt=-pass-through=-lgcc -plugin-opt=-pass-through=-lquadmath -plugin-opt=-pass-through=-lm -plugin-opt=-pass-through=-lc -plugin-opt=-pass-through=-lgcc_s -plugin-opt=-pass-through=-lgcc --sysroot=/global/common/software/lsst/install/td_env/2026-05-28-05-05/py/envs/td_env/bin/../x86_64-conda-linux-gnu/sysroot --eh-frame-hdr -m elf_x86_64 -dynamic-linker /lib64/ld-linux-x86-64.so.2 -pie -o conftest /global/common/software/lsst/install/td_env/2026-05-28-05-05/py/envs/td_env/bin/../x86_64-conda-linux-gnu/sysroot/usr/lib/../lib/Scrt1.o /global/common/software/lsst/install/td_env/2026-05-28-05-05/py/envs/td_env/bin/../x86_64-conda-linux-gnu/sysroot/usr/lib/../lib/crti.o /global/common/software/lsst/install/td_env/2026-05-28-05-05/py/envs/td_env/bin/../lib/gcc/x86_64-conda-linux-gnu/14.3.0/crtbeginS.o -L/global/common/software/lsst/install/td_env/2026-05-28-05-05/py/envs/td_env/lib -L/global/common/software/lsst/install/td_env/2026-05-28-05-05/py/envs/td_env/bin/../lib/gcc/x86_64-conda-linux-gnu/14.3.0 -L/global/common/software/lsst/install/td_env/2026-05-28-05-05/py/envs/td_env/bin/../lib/gcc -L/global/common/software/lsst/install/td_env/2026-05-28-05-05/py/envs/td_env/bin/../lib/gcc/x86_64-conda-linux-gnu/14.3.0/../../../../x86_64-conda-linux-gnu/lib/../lib -L/global/common/software/lsst/install/td_env/2026-05-28-05-05/py/envs/td_env/bin/../lib/gcc/x86_64-conda-linux-gnu/14.3.0/../../../../lib -L/global/common/software/lsst/install/td_env/2026-05-28-05-05/py/envs/td_env/bin/../x86_64-conda-linux-gnu/sysroot/lib/../lib -L/global/common/software/lsst/install/td_env/2026-05-28-05-05/py/envs/td_env/bin/../x86_64-conda-linux-gnu/sysroot/usr/lib/../lib -L. -L/global/common/software/lsst/install/td_env/2026-05-28-05-05/py/envs/td_env/lib/python3.12/site-packages/cosmosis/datablock -L/global/common/software/lsst/install/td_env/2026-05-28-05-05/py/envs/td_env/bin/../lib/gcc/x86_64-conda-linux-gnu/14.3.0/../../../../x86_64-conda-linux-gnu/lib -L/global/common/software/lsst/install/td_env/2026-05-28-05-05/py/envs/td_env/bin/../lib/gcc/x86_64-conda-linux-gnu/14.3.0/../../.. -L/global/common/software/lsst/install/td_env/2026-05-28-05-05/py/envs/td_env/bin/../x86_64-conda-linux-gnu/sysroot/lib -L/global/common/software/lsst/install/td_env/2026-05-28-05-05/py/envs/td_env/bin/../x86_64-conda-linux-gnu/sysroot/usr/lib -O2 --sort-common --as-needed -z relro -z now --disable-new-dtags --gc-sections --allow-shlib-undefined -rpath /global/common/software/lsst/install/td_env/2026-05-28-05-05/py/envs/td_env/lib -rpath-link /global/common/software/lsst/install/td_env/2026-05-28-05-05/py/envs/td_env/lib /tmp/ccNthrTO.o -lgfortran -lm -lgcc_s -lgcc -lquadmath -lm -lc -lgcc_s -lgcc /global/common/software/lsst/install/td_env/2026-05-28-05-05/py/envs/td_env/bin/../lib/gcc/x86_64-conda-linux-gnu/14.3.0/crtendS.o /global/common/software/lsst/install/td_env/2026-05-28-05-05/py/envs/td_env/bin/../x86_64-conda-linux-gnu/sysroot/usr/lib/../lib/crtn.o -rpath /global/common/software/lsst/install/td_env/2026-05-28-05-05/py/envs/td_env/lib
configure:3848: result: -v
configure:3850: checking for Fortran libraries of /global/common/software/lsst/install/td_env/2026-05-28-05-05/py/envs/td_env/bin/x86_64-conda-linux-gnu-gfortran
configure:3873: /global/common/software/lsst/install/td_env/2026-05-28-05-05/py/envs/td_env/bin/x86_64-conda-linux-gnu-gfortran -o conftest -v -Wl,-O2 -Wl,--sort-common -Wl,--as-needed -Wl,-z,relro -Wl,-z,now -Wl,--disable-new-dtags -Wl,--gc-sections -Wl,--allow-shlib-undefined -Wl,-rpath,/global/common/software/lsst/install/td_env/2026-05-28-05-05/py/envs/td_env/lib -Wl,-rpath-link,/global/common/software/lsst/install/td_env/2026-05-28-05-05/py/envs/td_env/lib -L/global/common/software/lsst/install/td_env/2026-05-28-05-05/py/envs/td_env/lib conftest.f
Reading specs from /global/common/software/lsst/install/td_env/2026-05-28-05-05/py/envs/td_env/bin/../lib/gcc/x86_64-conda-linux-gnu/14.3.0/specs
could not find specs file conda.specs
Target: x86_64-conda-linux-gnu
Thread model: posix
Supported LTO compression algorithms: zlib
gcc version 14.3.0 (conda-forge gcc 14.3.0-19) 
 /global/common/software/lsst/install/td_env/2026-05-28-05-05/py/envs/td_env/bin/../libexec/gcc/x86_64-conda-linux-gnu/14.3.0/f951 conftest.f -ffixed-form -quiet -dumpbase conftest.f -dumpbase-ext .f -mtune=generic -march=x86-64 -version -fintrinsic-modules-path /global/common/software/lsst/install/td_env/2026-05-28-05-05/py/envs/td_env/bin/../lib/gcc/x86_64-conda-linux-gnu/14.3.0/finclude -o /tmp/ccYU71nq.s
GNU Fortran (conda-forge gcc 14.3.0-19) version 14.3.0 (x86_64-conda-linux-gnu)
	compiled by GNU C version 15.2.0, GMP version 6.2.1, MPFR version 4.1.0, MPC version 1.2.1, isl version isl-0.24-GMP

GGC heuristics: --param ggc-min-expand=100 --param ggc-min-heapsize=131072
 /global/common/software/lsst/install/td_env/2026-05-28-05-05/py/envs/td_env/bin/../lib/gcc/x86_64-conda-linux-gnu/14.3.0/../../../../x86_64-conda-linux-gnu/bin/as -v --64 -o /tmp/cc7Ra5LA.o /tmp/ccYU71nq.s
GNU assembler version 2.45.1 (x86_64-conda-linux-gnu) using BFD version (GNU Binutils) 2.45.1
Reading specs from /global/common/software/lsst/install/td_env/2026-05-28-05-05/py/envs/td_env/bin/../lib/gcc/x86_64-conda-linux-gnu/14.3.0/libgfortran.spec
rename spec lib to liborig
 /global/common/software/lsst/install/td_env/2026-05-28-05-05/py/envs/td_env/bin/../libexec/gcc/x86_64-conda-linux-gnu/14.3.0/collect2 -plugin /global/common/software/lsst/install/td_env/2026-05-28-05-05/py/envs/td_env/bin/../libexec/gcc/x86_64-conda-linux-gnu/14.3.0/liblto_plugin.so -plugin-opt=/global/common/software/lsst/install/td_env/2026-05-28-05-05/py/envs/td_env/bin/../libexec/gcc/x86_64-conda-linux-gnu/14.3.0/lto-wrapper -plugin-opt=-fresolution=/tmp/ccy6KBT1.res -plugin-opt=-pass-through=-lgcc_s -plugin-opt=-pass-through=-lgcc -plugin-opt=-pass-through=-lquadmath -plugin-opt=-pass-through=-lm -plugin-opt=-pass-through=-lc -plugin-opt=-pass-through=-lgcc_s -plugin-opt=-pass-through=-lgcc --sysroot=/global/common/software/lsst/install/td_env/2026-05-28-05-05/py/envs/td_env/bin/../x86_64-conda-linux-gnu/sysroot --eh-frame-hdr -m elf_x86_64 -dynamic-linker /lib64/ld-linux-x86-64.so.2 -pie -o conftest /global/common/software/lsst/install/td_env/2026-05-28-05-05/py/envs/td_env/bin/../x86_64-conda-linux-gnu/sysroot/usr/lib/../lib/Scrt1.o /global/common/software/lsst/install/td_env/2026-05-28-05-05/py/envs/td_env/bin/../x86_64-conda-linux-gnu/sysroot/usr/lib/../lib/crti.o /global/common/software/lsst/install/td_env/2026-05-28-05-05/py/envs/td_env/bin/../lib/gcc/x86_64-conda-linux-gnu/14.3.0/crtbeginS.o -L/global/common/software/lsst/install/td_env/2026-05-28-05-05/py/envs/td_env/lib -L/global/common/software/lsst/install/td_env/2026-05-28-05-05/py/envs/td_env/bin/../lib/gcc/x86_64-conda-linux-gnu/14.3.0 -L/global/common/software/lsst/install/td_env/2026-05-28-05-05/py/envs/td_env/bin/../lib/gcc -L/global/common/software/lsst/install/td_env/2026-05-28-05-05/py/envs/td_env/bin/../lib/gcc/x86_64-conda-linux-gnu/14.3.0/../../../../x86_64-conda-linux-gnu/lib/../lib -L/global/common/software/lsst/install/td_env/2026-05-28-05-05/py/envs/td_env/bin/../lib/gcc/x86_64-conda-linux-gnu/14.3.0/../../../../lib -L/global/common/software/lsst/install/td_env/2026-05-28-05-05/py/envs/td_env/bin/../x86_64-conda-linux-gnu/sysroot/lib/../lib -L/global/common/software/lsst/install/td_env/2026-05-28-05-05/py/envs/td_env/bin/../x86_64-conda-linux-gnu/sysroot/usr/lib/../lib -L. -L/global/common/software/lsst/install/td_env/2026-05-28-05-05/py/envs/td_env/lib/python3.12/site-packages/cosmosis/datablock -L/global/common/software/lsst/install/td_env/2026-05-28-05-05/py/envs/td_env/bin/../lib/gcc/x86_64-conda-linux-gnu/14.3.0/../../../../x86_64-conda-linux-gnu/lib -L/global/common/software/lsst/install/td_env/2026-05-28-05-05/py/envs/td_env/bin/../lib/gcc/x86_64-conda-linux-gnu/14.3.0/../../.. -L/global/common/software/lsst/install/td_env/2026-05-28-05-05/py/envs/td_env/bin/../x86_64-conda-linux-gnu/sysroot/lib -L/global/common/software/lsst/install/td_env/2026-05-28-05-05/py/envs/td_env/bin/../x86_64-conda-linux-gnu/sysroot/usr/lib -O2 --sort-common --as-needed -z relro -z now --disable-new-dtags --gc-sections --allow-shlib-undefined -rpath /global/common/software/lsst/install/td_env/2026-05-28-05-05/py/envs/td_env/lib -rpath-link /global/common/software/lsst/install/td_env/2026-05-28-05-05/py/envs/td_env/lib /tmp/cc7Ra5LA.o -lgfortran -lm -lgcc_s -lgcc -lquadmath -lm -lc -lgcc_s -lgcc /global/common/software/lsst/install/td_env/2026-05-28-05-05/py/envs/td_env/bin/../lib/gcc/x86_64-conda-linux-gnu/14.3.0/crtendS.o /global/common/software/lsst/install/td_env/2026-05-28-05-05/py/envs/td_env/bin/../x86_64-conda-linux-gnu/sysroot/usr/lib/../lib/crtn.o -rpath /global/common/software/lsst/install/td_env/2026-05-28-05-05/py/envs/td_env/lib
configure:4069: result:  -L/global/common/software/lsst/install/td_env/2026-05-28-05-05/py/envs/td_env/lib -L/global/common/software/lsst/install/td_env/2026-05-28-05-05/py/envs/td_env/bin/../lib/gcc/x86_64-conda-linux-gnu/14.3.0 -L/global/common/software/lsst/install/td_env/2026-05-28-05-05/py/envs/td_env/bin/../lib/gcc -L/global/common/software/lsst/install/td_env/2026-05-28-05-05/py/envs/td_env/bin/../lib/gcc/x86_64-conda-linux-gnu/14.3.0/../../../../x86_64-conda-linux-gnu/lib/../lib -L/global/common/software/lsst/install/td_env/2026-05-28-05-05/py/envs/td_env/bin/../lib/gcc/x86_64-conda-linux-gnu/14.3.0/../../../../lib -L/global/common/software/lsst/install/td_env/2026-05-28-05-05/py/envs/td_env/bin/../x86_64-conda-linux-gnu/sysroot/lib/../lib -L/global/common/software/lsst/install/td_env/2026-05-28-05-05/py/envs/td_env/bin/../x86_64-conda-linux-gnu/sysroot/usr/lib/../lib -L. -L/global/common/software/lsst/install/td_env/2026-05-28-05-05/py/envs/td_env/lib/python3.12/site-packages/cosmosis/datablock -L/global/common/software/lsst/install/td_env/2026-05-28-05-05/py/envs/td_env/bin/../lib/gcc/x86_64-conda-linux-gnu/14.3.0/../../../../x86_64-conda-linux-gnu/lib -L/global/common/software/lsst/install/td_env/2026-05-28-05-05/py/envs/td_env/bin/../lib/gcc/x86_64-conda-linux-gnu/14.3.0/../../.. -L/global/common/software/lsst/install/td_env/2026-05-28-05-05/py/envs/td_env/bin/../x86_64-conda-linux-gnu/sysroot/lib -L/global/common/software/lsst/install/td_env/2026-05-28-05-05/py/envs/td_env/bin/../x86_64-conda-linux-gnu/sysroot/usr/lib -lgfortran -lm -lquadmath
configure:4100: checking whether to build with debug information
configure:4110: result: no
configure:4132: srcdir is: .
configure:4134: Git dir check: `cd "." &&  rev-parse --show-toplevel 2>/dev/null`
configure:4140: checking for git
configure:4156: found /global/common/software/lsst/install/td_env/2026-05-28-05-05/py/envs/td_env/bin/git
configure:4168: result: git
configure:4177: checking SNANA git version
configure:4183: result: v12_01h-100-g02b2f1d4
configure:4226: checking for a Python interpreter with version >= 3.7
configure:4243: python -c import sys # split strings by '.' and convert to numeric. Append some zeros # because we need at least 4 digits for the hex conversion. # map returns an iterator in Python 3.0 and a list in 2.x minver = list(map(int, '3.7'.split('.'))) + [0, 0, 0] minverhex = 0 # xrange is not present in Python 3.0 and range returns an iterator for i in list(range(0, 4)): minverhex = (minverhex << 8) + minver[i] sys.exit(sys.hexversion < minverhex)
configure:4246: $? = 0
configure:4252: result: python
configure:4260: checking for python
configure:4278: found /global/common/software/lsst/install/td_env/2026-05-28-05-05/py/envs/td_env/bin/python
configure:4290: result: /global/common/software/lsst/install/td_env/2026-05-28-05-05/py/envs/td_env/bin/python
configure:4308: checking for python version
configure:4315: result: 3.1
configure:4327: checking for python platform
configure:4334: result: linux
configure:4360: checking for python script directory
configure:4395: result: ${prefix}/lib/python3.12/site-packages
configure:4404: checking for python extension module directory
configure:4439: result: ${exec_prefix}/lib/python3.12/site-packages
configure:4457: checking for python3-config
configure:4475: found /global/common/software/lsst/install/td_env/2026-05-28-05-05/py/envs/td_env/bin/python3-config
configure:4487: result: /global/common/software/lsst/install/td_env/2026-05-28-05-05/py/envs/td_env/bin/python3-config
configure:4507: checking whether python3-config supports --embed
configure:4511: result: yes
configure:4536: checking for cos in -lm
configure:4561: /global/common/software/lsst/install/td_env/2026-05-28-05-05/py/envs/td_env/bin/x86_64-conda-linux-gnu-cc -o conftest -march=nocona -mtune=haswell -ftree-vectorize -fPIC -fstack-protector-strong -fno-plt -O2 -ffunction-sections -pipe -isystem /global/common/software/lsst/install/td_env/2026-05-28-05-05/py/envs/td_env/include -DNDEBUG -D_FORTIFY_SOURCE=2 -O2 -isystem /global/common/software/lsst/install/td_env/2026-05-28-05-05/py/envs/td_env/include -Wl,-O2 -Wl,--sort-common -Wl,--as-needed -Wl,-z,relro -Wl,-z,now -Wl,--disable-new-dtags -Wl,--gc-sections -Wl,--allow-shlib-undefined -Wl,-rpath,/global/common/software/lsst/install/td_env/2026-05-28-05-05/py/envs/td_env/lib -Wl,-rpath-link,/global/common/software/lsst/install/td_env/2026-05-28-05-05/py/envs/td_env/lib -L/global/common/software/lsst/install/td_env/2026-05-28-05-05/py/envs/td_env/lib conftest.c -lm   >&5
conftest.c:18:6: warning: conflicting types for built-in function 'cos'; expected 'double(double)' [-Wbuiltin-declaration-mismatch]
   18 | char cos ();
      |      ^~~
conftest.c:1:1: note: 'cos' is declared in header '<math.h>'
    1 | /* confdefs.h */
configure:4561: $? = 0
configure:4570: result: yes
configure:4589: checking for cblas_dgemm in -lgslcblas
configure:4614: /global/common/software/lsst/install/td_env/2026-05-28-05-05/py/envs/td_env/bin/x86_64-conda-linux-gnu-cc -o conftest -march=nocona -mtune=haswell -ftree-vectorize -fPIC -fstack-protector-strong -fno-plt -O2 -ffunction-sections -pipe -isystem /global/common/software/lsst/install/td_env/2026-05-28-05-05/py/envs/td_env/include -DNDEBUG -D_FORTIFY_SOURCE=2 -O2 -isystem /global/common/software/lsst/install/td_env/2026-05-28-05-05/py/envs/td_env/include -Wl,-O2 -Wl,--sort-common -Wl,--as-needed -Wl,-z,relro -Wl,-z,now -Wl,--disable-new-dtags -Wl,--gc-sections -Wl,--allow-shlib-undefined -Wl,-rpath,/global/common/software/lsst/install/td_env/2026-05-28-05-05/py/envs/td_env/lib -Wl,-rpath-link,/global/common/software/lsst/install/td_env/2026-05-28-05-05/py/envs/td_env/lib -L/global/common/software/lsst/install/td_env/2026-05-28-05-05/py/envs/td_env/lib conftest.c -lgslcblas  -lm  >&5
configure:4614: $? = 0
configure:4623: result: yes
configure:4634: checking for gsl_blas_dgemm in -lgsl
configure:4659: /global/common/software/lsst/install/td_env/2026-05-28-05-05/py/envs/td_env/bin/x86_64-conda-linux-gnu-cc -o conftest -march=nocona -mtune=haswell -ftree-vectorize -fPIC -fstack-protector-strong -fno-plt -O2 -ffunction-sections -pipe -isystem /global/common/software/lsst/install/td_env/2026-05-28-05-05/py/envs/td_env/include -DNDEBUG -D_FORTIFY_SOURCE=2 -O2 -isystem /global/common/software/lsst/install/td_env/2026-05-28-05-05/py/envs/td_env/include -Wl,-O2 -Wl,--sort-common -Wl,--as-needed -Wl,-z,relro -Wl,-z,now -Wl,--disable-new-dtags -Wl,--gc-sections -Wl,--allow-shlib-undefined -Wl,-rpath,/global/common/software/lsst/install/td_env/2026-05-28-05-05/py/envs/td_env/lib -Wl,-rpath-link,/global/common/software/lsst/install/td_env/2026-05-28-05-05/py/envs/td_env/lib -L/global/common/software/lsst/install/td_env/2026-05-28-05-05/py/envs/td_env/lib conftest.c -lgsl -lgslcblas -lm  >&5
configure:4659: $? = 0
configure:4668: result: yes
configure:4686: checking for ffopen in -lcfitsio
configure:4711: /global/common/software/lsst/install/td_env/2026-05-28-05-05/py/envs/td_env/bin/x86_64-conda-linux-gnu-cc -o conftest -march=nocona -mtune=haswell -ftree-vectorize -fPIC -fstack-protector-strong -fno-plt -O2 -ffunction-sections -pipe -isystem /global/common/software/lsst/install/td_env/2026-05-28-05-05/py/envs/td_env/include -DNDEBUG -D_FORTIFY_SOURCE=2 -O2 -isystem /global/common/software/lsst/install/td_env/2026-05-28-05-05/py/envs/td_env/include -Wl,-O2 -Wl,--sort-common -Wl,--as-needed -Wl,-z,relro -Wl,-z,now -Wl,--disable-new-dtags -Wl,--gc-sections -Wl,--allow-shlib-undefined -Wl,-rpath,/global/common/software/lsst/install/td_env/2026-05-28-05-05/py/envs/td_env/lib -Wl,-rpath-link,/global/common/software/lsst/install/td_env/2026-05-28-05-05/py/envs/td_env/lib -L/global/common/software/lsst/install/td_env/2026-05-28-05-05/py/envs/td_env/lib conftest.c -lcfitsio -lm  -lm  >&5
configure:4711: $? = 0
configure:4720: result: yes
configure:4938: checking for C++ compiler version
configure:4947: /global/common/software/lsst/install/td_env/2026-05-28-05-05/py/envs/td_env/bin/x86_64-conda-linux-gnu-c++ --version >&5
x86_64-conda-linux-gnu-c++ (conda-forge gcc 14.3.0-19) 14.3.0
Copyright (C) 2024 Free Software Foundation, Inc.
This is free software; see the source for copying conditions.  There is NO
warranty; not even for MERCHANTABILITY or FITNESS FOR A PARTICULAR PURPOSE.

configure:4958: $? = 0
configure:4947: /global/common/software/lsst/install/td_env/2026-05-28-05-05/py/envs/td_env/bin/x86_64-conda-linux-gnu-c++ -v >&5
Reading specs from /global/common/software/lsst/install/td_env/2026-05-28-05-05/py/envs/td_env/bin/../lib/gcc/x86_64-conda-linux-gnu/14.3.0/specs
could not find specs file conda.specs
COLLECT_GCC=/global/common/software/lsst/install/td_env/2026-05-28-05-05/py/envs/td_env/bin/x86_64-conda-linux-gnu-c++
COLLECT_LTO_WRAPPER=/global/common/software/lsst/install/td_env/2026-05-28-05-05/py/envs/td_env/bin/../libexec/gcc/x86_64-conda-linux-gnu/14.3.0/lto-wrapper
Target: x86_64-conda-linux-gnu
Configured with: ../configure --prefix=/home/conda/feedstock_root/build_artifacts/gcc_compilers_1778265149273/_h_env_placehold_placehold_placehold_placehold_placehold_placehold_placehold_placehold_placehold_placehold_placehold_placehold_placehold_placehold_placehold_placehold_placehold_placeho --with-slibdir=/home/conda/feedstock_root/build_artifacts/gcc_compilers_1778265149273/_h_env_placehold_placehold_placehold_placehold_placehold_placehold_placehold_placehold_placehold_placehold_placehold_placehold_placehold_placehold_placehold_placehold_placehold_placeho/lib --libdir=/home/conda/feedstock_root/build_artifacts/gcc_compilers_1778265149273/_h_env_placehold_placehold_placehold_placehold_placehold_placehold_placehold_placehold_placehold_placehold_placehold_placehold_placehold_placehold_placehold_placehold_placehold_placeho/lib --mandir=/home/conda/feedstock_root/build_artifacts/gcc_compilers_1778265149273/_h_env_placehold_placehold_placehold_placehold_placehold_placehold_placehold_placehold_placehold_placehold_placehold_placehold_placehold_placehold_placehold_placehold_placehold_placeho/share/man --build=x86_64-conda-linux-gnu --host=x86_64-conda-linux-gnu --target=x86_64-conda-linux-gnu --enable-languages=c,c++,fortran,objc,obj-c++ --enable-libgomp --disable-libssp --enable-libquadmath --enable-libquadmath-support --disable-nls --disable-bootstrap --disable-multilib --enable-long-long --without-zstd --with-native-system-header-dir=/usr/include --with-gxx-include-dir=/home/conda/feedstock_root/build_artifacts/gcc_compilers_1778265149273/_h_env_placehold_placehold_placehold_placehold_placehold_placehold_placehold_placehold_placehold_placehold_placehold_placehold_placehold_placehold_placehold_placehold_placehold_placeho/lib/gcc/x86_64-conda-linux-gnu/14.3.0/include/c++ --with-gxx-libcxx-include-dir=/home/conda/feedstock_root/build_artifacts/gcc_compilers_1778265149273/_h_env_placehold_placehold_placehold_placehold_placehold_placehold_placehold_placehold_placehold_placehold_placehold_placehold_placehold_placehold_placehold_placehold_placehold_placeho/lib/gcc/x86_64-conda-linux-gnu/14.3.0/../../../../include/c++/v1 --with-pkgversion='conda-forge gcc 14.3.0-19' --with-bugurl=https://github.com/conda-forge/ctng-compilers-feedstock/issues/new/choose --enable-libsanitizer --enable-default-pie --enable-threads=posix --enable-__cxa_atexit --with-sysroot=/home/conda/feedstock_root/build_artifacts/gcc_compilers_1778265149273/_h_env_placehold_placehold_placehold_placehold_placehold_placehold_placehold_placehold_placehold_placehold_placehold_placehold_placehold_placehold_placehold_placehold_placehold_placeho/x86_64-conda-linux-gnu/sysroot --with-build-sysroot=/home/conda/feedstock_root/build_artifacts/gcc_compilers_1778265149273/_build_env/x86_64-conda-linux-gnu/sysroot --enable-plugin --enable-lto
Thread model: posix
Supported LTO compression algorithms: zlib
gcc version 14.3.0 (conda-forge gcc 14.3.0-19) 
configure:4958: $? = 0
configure:4947: /global/common/software/lsst/install/td_env/2026-05-28-05-05/py/envs/td_env/bin/x86_64-conda-linux-gnu-c++ -V >&5
x86_64-conda-linux-gnu-c++: error: unrecognized command-line option '-V'
x86_64-conda-linux-gnu-c++: fatal error: no input files
compilation terminated.
configure:4958: $? = 1
configure:4947: /global/common/software/lsst/install/td_env/2026-05-28-05-05/py/envs/td_env/bin/x86_64-conda-linux-gnu-c++ -qversion >&5
x86_64-conda-linux-gnu-c++: error: unrecognized command-line option '-qversion'; did you mean '--version'?
x86_64-conda-linux-gnu-c++: fatal error: no input files
compilation terminated.
configure:4958: $? = 1
configure:4962: checking whether we are using the GNU C++ compiler
configure:4981: /global/common/software/lsst/install/td_env/2026-05-28-05-05/py/envs/td_env/bin/x86_64-conda-linux-gnu-c++ -c -fvisibility-inlines-hidden -fmessage-length=0 -march=nocona -mtune=haswell -ftree-vectorize -fPIC -fstack-protector-strong -fno-plt -O2 -ffunction-sections -pipe -isystem /global/common/software/lsst/install/td_env/2026-05-28-05-05/py/envs/td_env/include -DNDEBUG -D_FORTIFY_SOURCE=2 -O2 -isystem /global/common/software/lsst/install/td_env/2026-05-28-05-05/py/envs/td_env/include conftest.cpp >&5
configure:4981: $? = 0
configure:4990: result: yes
configure:4999: checking whether /global/common/software/lsst/install/td_env/2026-05-28-05-05/py/envs/td_env/bin/x86_64-conda-linux-gnu-c++ accepts -g
configure:5019: /global/common/software/lsst/install/td_env/2026-05-28-05-05/py/envs/td_env/bin/x86_64-conda-linux-gnu-c++ -c -g -DNDEBUG -D_FORTIFY_SOURCE=2 -O2 -isystem /global/common/software/lsst/install/td_env/2026-05-28-05-05/py/envs/td_env/include conftest.cpp >&5
configure:5019: $? = 0
configure:5060: result: yes
configure:5085: checking dependency style of /global/common/software/lsst/install/td_env/2026-05-28-05-05/py/envs/td_env/bin/x86_64-conda-linux-gnu-c++
configure:5196: result: none
configure:5220: checking whether /global/common/software/lsst/install/td_env/2026-05-28-05-05/py/envs/td_env/bin/x86_64-conda-linux-gnu-c++ supports C++17 features by default
configure:6018: /global/common/software/lsst/install/td_env/2026-05-28-05-05/py/envs/td_env/bin/x86_64-conda-linux-gnu-c++ -c -fvisibility-inlines-hidden -fmessage-length=0 -march=nocona -mtune=haswell -ftree-vectorize -fPIC -fstack-protector-strong -fno-plt -O2 -ffunction-sections -pipe -isystem /global/common/software/lsst/install/td_env/2026-05-28-05-05/py/envs/td_env/include -DNDEBUG -D_FORTIFY_SOURCE=2 -O2 -isystem /global/common/software/lsst/install/td_env/2026-05-28-05-05/py/envs/td_env/include conftest.cpp >&5
configure:6018: $? = 0
configure:6025: result: yes
configure:7721: checking for git
configure:7739: found /global/common/software/lsst/install/td_env/2026-05-28-05-05/py/envs/td_env/bin/git
configure:7751: result: /global/common/software/lsst/install/td_env/2026-05-28-05-05/py/envs/td_env/bin/git
configure:7762: Found Git version 2.54.0
configure:7788: macos no
configure:7921: checking that generated files are newer than configure
configure:7927: result: done
configure:7974: creating ./config.status

## ---------------------- ##
## Running config.status. ##
## ---------------------- ##

This file was extended by snana config.status 1.0, which was
generated by GNU Autoconf 2.69.  Invocation command line was

  CONFIG_FILES    = 
  CONFIG_HEADERS  = 
  CONFIG_LINKS    = 
  CONFIG_COMMANDS = 
  $ ./config.status 

on login16

config.status:910: creating Makefile
config.status:910: creating src/Makefile
config.status:910: creating config.h
config.status:1139: executing depfiles commands

## ---------------- ##
## Cache variables. ##
## ---------------- ##

ac_cv_build=x86_64-conda-linux-gnu
ac_cv_c_compiler_gnu=yes
ac_cv_cxx_compiler_gnu=yes
ac_cv_env_CCC_set=
ac_cv_env_CCC_value=
ac_cv_env_CC_set=set
ac_cv_env_CC_value=/global/common/software/lsst/install/td_env/2026-05-28-05-05/py/envs/td_env/bin/x86_64-conda-linux-gnu-cc
ac_cv_env_CFLAGS_set=set
ac_cv_env_CFLAGS_value='-march=nocona -mtune=haswell -ftree-vectorize -fPIC -fstack-protector-strong -fno-plt -O2 -ffunction-sections -pipe -isystem /global/common/software/lsst/install/td_env/2026-05-28-05-05/py/envs/td_env/include'
ac_cv_env_CPPFLAGS_set=set
ac_cv_env_CPPFLAGS_value='-DNDEBUG -D_FORTIFY_SOURCE=2 -O2 -isystem /global/common/software/lsst/install/td_env/2026-05-28-05-05/py/envs/td_env/include'
ac_cv_env_CXXFLAGS_set=set
ac_cv_env_CXXFLAGS_value='-fvisibility-inlines-hidden -fmessage-length=0 -march=nocona -mtune=haswell -ftree-vectorize -fPIC -fstack-protector-strong -fno-plt -O2 -ffunction-sections -pipe -isystem /global/common/software/lsst/install/td_env/2026-05-28-05-05/py/envs/td_env/include'
ac_cv_env_CXX_set=set
ac_cv_env_CXX_value=/global/common/software/lsst/install/td_env/2026-05-28-05-05/py/envs/td_env/bin/x86_64-conda-linux-gnu-c++
ac_cv_env_FCFLAGS_set=
ac_cv_env_FCFLAGS_value=
ac_cv_env_FC_set=set
ac_cv_env_FC_value=/global/common/software/lsst/install/td_env/2026-05-28-05-05/py/envs/td_env/bin/x86_64-conda-linux-gnu-gfortran
ac_cv_env_LDFLAGS_set=set
ac_cv_env_LDFLAGS_value='-Wl,-O2 -Wl,--sort-common -Wl,--as-needed -Wl,-z,relro -Wl,-z,now -Wl,--disable-new-dtags -Wl,--gc-sections -Wl,--allow-shlib-undefined -Wl,-rpath,/global/common/software/lsst/install/td_env/2026-05-28-05-05/py/envs/td_env/lib -Wl,-rpath-link,/global/common/software/lsst/install/td_env/2026-05-28-05-05/py/envs/td_env/lib -L/global/common/software/lsst/install/td_env/2026-05-28-05-05/py/envs/td_env/lib'
ac_cv_env_LIBS_set=
ac_cv_env_LIBS_value=
ac_cv_env_PYTHON_set=
ac_cv_env_PYTHON_value=
ac_cv_env_ROOTSYS_set=set
ac_cv_env_ROOTSYS_value=/global/common/software/lsst/install/td_env/2026-05-28-05-05/py/envs/td_env
ac_cv_env_build_alias_set=set
ac_cv_env_build_alias_value=x86_64-conda-linux-gnu
ac_cv_env_host_alias_set=set
ac_cv_env_host_alias_value=x86_64-conda-linux-gnu
ac_cv_env_target_alias_set=
ac_cv_env_target_alias_value=
ac_cv_fc_compiler_gnu=yes
ac_cv_fc_libs=' -L/global/common/software/lsst/install/td_env/2026-05-28-05-05/py/envs/td_env/lib -L/global/common/software/lsst/install/td_env/2026-05-28-05-05/py/envs/td_env/bin/../lib/gcc/x86_64-conda-linux-gnu/14.3.0 -L/global/common/software/lsst/install/td_env/2026-05-28-05-05/py/envs/td_env/bin/../lib/gcc -L/global/common/software/lsst/install/td_env/2026-05-28-05-05/py/envs/td_env/bin/../lib/gcc/x86_64-conda-linux-gnu/14.3.0/../../../../x86_64-conda-linux-gnu/lib/../lib -L/global/common/software/lsst/install/td_env/2026-05-28-05-05/py/envs/td_env/bin/../lib/gcc/x86_64-conda-linux-gnu/14.3.0/../../../../lib -L/global/common/software/lsst/install/td_env/2026-05-28-05-05/py/envs/td_env/bin/../x86_64-conda-linux-gnu/sysroot/lib/../lib -L/global/common/software/lsst/install/td_env/2026-05-28-05-05/py/envs/td_env/bin/../x86_64-conda-linux-gnu/sysroot/usr/lib/../lib -L. -L/global/common/software/lsst/install/td_env/2026-05-28-05-05/py/envs/td_env/lib/python3.12/site-packages/cosmosis/datablock -L/global/common/software/lsst/install/td_env/2026-05-28-05-05/py/envs/td_env/bin/../lib/gcc/x86_64-conda-linux-gnu/14.3.0/../../../../x86_64-conda-linux-gnu/lib -L/global/common/software/lsst/install/td_env/2026-05-28-05-05/py/envs/td_env/bin/../lib/gcc/x86_64-conda-linux-gnu/14.3.0/../../.. -L/global/common/software/lsst/install/td_env/2026-05-28-05-05/py/envs/td_env/bin/../x86_64-conda-linux-gnu/sysroot/lib -L/global/common/software/lsst/install/td_env/2026-05-28-05-05/py/envs/td_env/bin/../x86_64-conda-linux-gnu/sysroot/usr/lib -lgfortran -lm -lquadmath'
ac_cv_host=x86_64-conda-linux-gnu
ac_cv_lib_cfitsio_ffopen=yes
ac_cv_lib_gsl_gsl_blas_dgemm=yes
ac_cv_lib_gslcblas_cblas_dgemm=yes
ac_cv_lib_m_cos=yes
ac_cv_objext=o
ac_cv_path_GIT=/global/common/software/lsst/install/td_env/2026-05-28-05-05/py/envs/td_env/bin/git
ac_cv_path_PYTHON=/global/common/software/lsst/install/td_env/2026-05-28-05-05/py/envs/td_env/bin/python
ac_cv_path_PYTHON_CONFIG=/global/common/software/lsst/install/td_env/2026-05-28-05-05/py/envs/td_env/bin/python3-config
ac_cv_path_install='/usr/bin/install -c'
ac_cv_path_mkdir=/usr/bin/mkdir
ac_cv_prog_AWK=gawk
ac_cv_prog_CC=/global/common/software/lsst/install/td_env/2026-05-28-05-05/py/envs/td_env/bin/x86_64-conda-linux-gnu-cc
ac_cv_prog_FC=/global/common/software/lsst/install/td_env/2026-05-28-05-05/py/envs/td_env/bin/x86_64-conda-linux-gnu-gfortran
ac_cv_prog_GIT=git
ac_cv_prog_cc_c89=
ac_cv_prog_cc_g=yes
ac_cv_prog_cxx_g=yes
ac_cv_prog_fc_g=yes
ac_cv_prog_fc_v=-v
ac_cv_prog_make_make_set=yes
am_cv_CC_dependencies_compiler_type=none
am_cv_CXX_dependencies_compiler_type=none
am_cv_make_support_nested_variables=yes
am_cv_pathless_PYTHON=python
am_cv_prog_cc_c_o=yes
am_cv_python_platform=linux
am_cv_python_pyexecdir='${exec_prefix}/lib/python3.12/site-packages'
am_cv_python_pythondir='${prefix}/lib/python3.12/site-packages'
am_cv_python_version=3.1
ax_cv_cxx_compile_cxx17=yes

## ----------------- ##
## Output variables. ##
## ----------------- ##

ACLOCAL='${SHELL} /global/homes/a/ayanmitr/SNANA/build-aux/missing aclocal-1.15'
AMDEPBACKSLASH='\'
AMDEP_FALSE='#'
AMDEP_TRUE=''
AMTAR='$${TAR-tar}'
AM_BACKSLASH='\'
AM_DEFAULT_V='$(AM_DEFAULT_VERBOSITY)'
AM_DEFAULT_VERBOSITY='1'
AM_V='$(V)'
AUTOCONF='${SHELL} /global/homes/a/ayanmitr/SNANA/build-aux/missing autoconf'
AUTOHEADER='${SHELL} /global/homes/a/ayanmitr/SNANA/build-aux/missing autoheader'
AUTOMAKE='${SHELL} /global/homes/a/ayanmitr/SNANA/build-aux/missing automake-1.15'
AWK='gawk'
BIT64_FALSE='#'
BIT64_TRUE=''
CC='/global/common/software/lsst/install/td_env/2026-05-28-05-05/py/envs/td_env/bin/x86_64-conda-linux-gnu-cc'
CCDEPMODE='depmode=none'
CFITSIOLIB='-lcfitsio'
CFLAGS='-march=nocona -mtune=haswell -ftree-vectorize -fPIC -fstack-protector-strong -fno-plt -O2 -ffunction-sections -pipe -isystem /global/common/software/lsst/install/td_env/2026-05-28-05-05/py/envs/td_env/include'
CPPFLAGS='-DNDEBUG -D_FORTIFY_SOURCE=2 -O2 -isystem /global/common/software/lsst/install/td_env/2026-05-28-05-05/py/envs/td_env/include'
CXX='/global/common/software/lsst/install/td_env/2026-05-28-05-05/py/envs/td_env/bin/x86_64-conda-linux-gnu-c++'
CXXDEPMODE='depmode=none'
CXXFLAGS='-fvisibility-inlines-hidden -fmessage-length=0 -march=nocona -mtune=haswell -ftree-vectorize -fPIC -fstack-protector-strong -fno-plt -O2 -ffunction-sections -pipe -isystem /global/common/software/lsst/install/td_env/2026-05-28-05-05/py/envs/td_env/include'
CYGPATH_W='echo'
DEBUG_CFLAGS='-O2 -DNDEBUG'
DEBUG_CXXFLAGS='-O2 -DNDEBUG'
DEBUG_FALSE=''
DEBUG_FCFLAGS='-O2'
DEBUG_LDFLAGS=''
DEBUG_TRUE='#'
DEFS='-DHAVE_CONFIG_H'
DEPDIR='.deps'
ECHO_C=''
ECHO_N='-n'
ECHO_T=''
EXEEXT=''
FC='/global/common/software/lsst/install/td_env/2026-05-28-05-05/py/envs/td_env/bin/x86_64-conda-linux-gnu-gfortran'
FCFLAGS=''
FCLIBS=' -L/global/common/software/lsst/install/td_env/2026-05-28-05-05/py/envs/td_env/lib -L/global/common/software/lsst/install/td_env/2026-05-28-05-05/py/envs/td_env/bin/../lib/gcc/x86_64-conda-linux-gnu/14.3.0 -L/global/common/software/lsst/install/td_env/2026-05-28-05-05/py/envs/td_env/bin/../lib/gcc -L/global/common/software/lsst/install/td_env/2026-05-28-05-05/py/envs/td_env/bin/../lib/gcc/x86_64-conda-linux-gnu/14.3.0/../../../../x86_64-conda-linux-gnu/lib/../lib -L/global/common/software/lsst/install/td_env/2026-05-28-05-05/py/envs/td_env/bin/../lib/gcc/x86_64-conda-linux-gnu/14.3.0/../../../../lib -L/global/common/software/lsst/install/td_env/2026-05-28-05-05/py/envs/td_env/bin/../x86_64-conda-linux-gnu/sysroot/lib/../lib -L/global/common/software/lsst/install/td_env/2026-05-28-05-05/py/envs/td_env/bin/../x86_64-conda-linux-gnu/sysroot/usr/lib/../lib -L. -L/global/common/software/lsst/install/td_env/2026-05-28-05-05/py/envs/td_env/lib/python3.12/site-packages/cosmosis/datablock -L/global/common/software/lsst/install/td_env/2026-05-28-05-05/py/envs/td_env/bin/../lib/gcc/x86_64-conda-linux-gnu/14.3.0/../../../../x86_64-conda-linux-gnu/lib -L/global/common/software/lsst/install/td_env/2026-05-28-05-05/py/envs/td_env/bin/../lib/gcc/x86_64-conda-linux-gnu/14.3.0/../../.. -L/global/common/software/lsst/install/td_env/2026-05-28-05-05/py/envs/td_env/bin/../x86_64-conda-linux-gnu/sysroot/lib -L/global/common/software/lsst/install/td_env/2026-05-28-05-05/py/envs/td_env/bin/../x86_64-conda-linux-gnu/sysroot/usr/lib -lgfortran -lm -lquadmath'
GIT='/global/common/software/lsst/install/td_env/2026-05-28-05-05/py/envs/td_env/bin/git'
GSLCBLASLIB='-lgslcblas'
GSLLIB='-lgsl'
HAVE_CXX17='1'
I686_FALSE=''
I686_TRUE='#'
INSTALL_DATA='${INSTALL} -m 644'
INSTALL_PROGRAM='${INSTALL}'
INSTALL_SCRIPT='${INSTALL}'
INSTALL_STRIP_PROGRAM='$(install_sh) -c -s'
LDFLAGS='-Wl,-O2 -Wl,--sort-common -Wl,--as-needed -Wl,-z,relro -Wl,-z,now -Wl,--disable-new-dtags -Wl,--gc-sections -Wl,--allow-shlib-undefined -Wl,-rpath,/global/common/software/lsst/install/td_env/2026-05-28-05-05/py/envs/td_env/lib -Wl,-rpath-link,/global/common/software/lsst/install/td_env/2026-05-28-05-05/py/envs/td_env/lib -L/global/common/software/lsst/install/td_env/2026-05-28-05-05/py/envs/td_env/lib'
LIBOBJS=''
LIBS='-lm '
LTLIBOBJS=''
MAKEINFO='${SHELL} /global/homes/a/ayanmitr/SNANA/build-aux/missing makeinfo'
MKDIR_P='/usr/bin/mkdir -p'
OBJEXT='o'
OSX_FALSE=''
OSX_TRUE='#'
PACKAGE='snana'
PACKAGE_BUGREPORT='rkessler@uchicago.edu'
PACKAGE_NAME='snana'
PACKAGE_STRING='snana 1.0'
PACKAGE_TARNAME='snana'
PACKAGE_URL=''
PACKAGE_VERSION='1.0'
PATH_SEPARATOR=':'
PYTHON='/global/common/software/lsst/install/td_env/2026-05-28-05-05/py/envs/td_env/bin/python'
PYTHON_CONFIG='/global/common/software/lsst/install/td_env/2026-05-28-05-05/py/envs/td_env/bin/python3-config'
PYTHON_EXEC_PREFIX='${exec_prefix}'
PYTHON_INCLUDES='-I/global/common/software/lsst/install/td_env/2026-05-28-05-05/py/envs/td_env/include/python3.12 -I/global/common/software/lsst/install/td_env/2026-05-28-05-05/py/envs/td_env/include/python3.12'
PYTHON_LIBS=' -L/global/common/software/lsst/install/td_env/2026-05-28-05-05/py/envs/td_env/lib -lpython3.12 -lpthread -ldl  -lutil -lm  -Wl,-rpath,/global/common/software/lsst/install/td_env/2026-05-28-05-05/py/envs/td_env/lib'
PYTHON_PLATFORM='linux'
PYTHON_PREFIX='${prefix}'
PYTHON_VERSION='3.1'
ROOTSYS='/global/common/software/lsst/install/td_env/2026-05-28-05-05/py/envs/td_env'
SET_MAKE=''
SHELL='/bin/sh'
SNANA_GIT_VERSION='v12_01h-100-g02b2f1d4'
STRIP='x86_64-conda-linux-gnu-strip'
USE_ROOT_FALSE='#'
USE_ROOT_TRUE=''
UTIL_DIR='$(top_srcdir)/util'
VERSION='1.0'
ac_ct_CC=''
ac_ct_CXX=''
ac_ct_FC=''
am__EXEEXT_FALSE=''
am__EXEEXT_TRUE='#'
am__fastdepCC_FALSE=''
am__fastdepCC_TRUE='#'
am__fastdepCXX_FALSE=''
am__fastdepCXX_TRUE='#'
am__include='include'
am__isrc=''
am__leading_dot='.'
am__nodep='_no'
am__quote=''
am__tar='$${TAR-tar} chof - "$$tardir"'
am__untar='$${TAR-tar} xf -'
bindir='${exec_prefix}/bin'
build='x86_64-conda-linux-gnu'
build_alias='x86_64-conda-linux-gnu'
build_cpu='x86_64'
build_os='linux-gnu'
build_vendor='conda'
datadir='${datarootdir}'
datarootdir='${prefix}/share'
docdir='${datarootdir}/doc/${PACKAGE_TARNAME}'
dvidir='${docdir}'
exec_prefix='${prefix}'
host='x86_64-conda-linux-gnu'
host_alias='x86_64-conda-linux-gnu'
host_cpu='x86_64'
host_os='linux-gnu'
host_vendor='conda'
htmldir='${docdir}'
includedir='${prefix}/include'
infodir='${datarootdir}/info'
install_sh='${SHELL} /global/homes/a/ayanmitr/SNANA/build-aux/install-sh'
libdir='${exec_prefix}/lib'
libexecdir='${exec_prefix}/libexec'
localedir='${datarootdir}/locale'
localstatedir='${prefix}/var'
mandir='${datarootdir}/man'
mkdir_p='$(MKDIR_P)'
oldincludedir='/usr/include'
pdfdir='${docdir}'
pkgpyexecdir='${pyexecdir}/snana'
pkgpythondir='${pythondir}/snana'
prefix='/usr/local'
program_transform_name='s,x,x,'
psdir='${docdir}'
pyexecdir='${exec_prefix}/lib/python3.12/site-packages'
pythondir='${prefix}/lib/python3.12/site-packages'
sbindir='${exec_prefix}/sbin'
sharedstatedir='${prefix}/com'
sysconfdir='${prefix}/etc'
target_alias=''

## ----------- ##
## confdefs.h. ##
## ----------- ##

/* confdefs.h */
#define PACKAGE_NAME "snana"
#define PACKAGE_TARNAME "snana"
#define PACKAGE_VERSION "1.0"
#define PACKAGE_STRING "snana 1.0"
#define PACKAGE_BUGREPORT "rkessler@uchicago.edu"
#define PACKAGE_URL ""
#define PACKAGE "snana"
#define VERSION "1.0"
#define HAVE_LIBM 1
#define HAVE_CXX17 1

configure: exit 0
