 Full command: 
    wfit.exe test.MUDIF -cospar out_wfit_priorOM_old.cospar

 =============================================== 
 SNANA_DIR = /global/cfs/cdirs/lsst/groups/SN/snana/SNANA 
 Open fitres file: test.MUDIF 
	 Opened : test.MUDIF 

	 ***** DOCANA WARNING ******* 
  Missing required 'DOCUMENTATION:'  key in 
    test.MUDIF 
  See DOCANA examples with linux command: 
    grep -R DOCUMENTATION_END $SNDATA_ROOT 
  File must begin with 'DOCUMENTATION:' key


 !!! Found MUDIF --> fit for w-wref and OM-OMref 

 Read 1 SNe from test.MUDIF 
 Select 0 SNe for fitting.
 MUERR_INCLUDE(zERR,LENS) = 1, 0 
 Done reading file -- NCIDLIST: 0, NSNE_NBIN: 0 
   --------   Grid parameters   -------- 
   w_min:  -2.00   w_max:   0.00    201 steps of size  0.01000
 omm_min:   0.00 omm_max:   1.00     81 steps of size  0.01250
   h_min:  40.00   h_max: 100.00    121 steps of size  0.50000
Fit data with Omega_m prior: 0.315 +/- 0.040
Will MINIMIZE for final w & OM 
Add 0.00 mag-error (snrms) in quadrature to MU-error 
   Minimize with refined wstep=0.0010 (80 bins, wcen=-2.0000) 
   Minimize with refined OMstep=0.0013 (80 bins, OMcen=0.3125) 
Marginalizing over omega_m...
  CHECK:  w(marg) = -1.000000  w(minchi2=   0.00) = -2.040000
marg werr estimate = 0.580230
WARNING: grid is too coarse to resolve lower 1-sigma limit
WARNING: grid is too coarse to resolve upper 1-sigma limit
probwerr estimates: lower = 0.010000, upper = 0.010000
marg ommerr estimate = 0.040000
Write cosmo params to out_wfit_priorOM_old.cospar 
DONE. 
